<?xml version="1.0" encoding="UTF-8"?>
<testng-results ignored="0" total="1" passed="1" failed="0" skipped="0">
  <reporter-output>
  </reporter-output>
  <suite started-at="2021-01-08T20:53:21Z" name="Default suite" finished-at="2021-01-08T20:53:57Z" duration-ms="36780">
    <groups>
    </groups>
    <test started-at="2021-01-08T20:53:21Z" name="Default test" finished-at="2021-01-08T20:53:57Z" duration-ms="36780">
      <class name="org.test.Demoblaze">
        <test-method is-config="true" signature="lau()[pri:0, instance:org.test.Demoblaze@d86a6f]" started-at="2021-01-08T20:53:21Z" name="lau" finished-at="2021-01-08T20:53:30Z" duration-ms="9605" status="PASS">
          <reporter-output>
          </reporter-output>
        </test-method> <!-- lau -->
        <test-method is-config="true" signature="start()[pri:0, instance:org.test.Demoblaze@d86a6f]" started-at="2021-01-08T20:53:30Z" name="start" finished-at="2021-01-08T20:53:30Z" duration-ms="1" status="PASS">
          <reporter-output>
          </reporter-output>
        </test-method> <!-- start -->
        <test-method signature="tc()[pri:0, instance:org.test.Demoblaze@d86a6f]" started-at="2021-01-08T20:53:30Z" name="tc" finished-at="2021-01-08T20:53:56Z" duration-ms="26100" status="PASS">
          <reporter-output>
          </reporter-output>
        </test-method> <!-- tc -->
        <test-method is-config="true" signature="end()[pri:0, instance:org.test.Demoblaze@d86a6f]" started-at="2021-01-08T20:53:56Z" name="end" finished-at="2021-01-08T20:53:56Z" duration-ms="1" status="PASS">
          <reporter-output>
          </reporter-output>
        </test-method> <!-- end -->
        <test-method is-config="true" signature="clo()[pri:0, instance:org.test.Demoblaze@d86a6f]" started-at="2021-01-08T20:53:56Z" name="clo" finished-at="2021-01-08T20:53:57Z" duration-ms="1031" status="PASS">
          <reporter-output>
          </reporter-output>
        </test-method> <!-- clo -->
      </class> <!-- org.test.Demoblaze -->
    </test> <!-- Default test -->
  </suite> <!-- Default suite -->
</testng-results>
